1580184177847:al
1580184200821:stacktrace
1580184467657:la
1580184471339:al
1580184506898:ai one two
1580184527809:stacktrace
1580184717053:ai f s
1580184758432:al
1580357969576:lb
1580357971238:bl
1580358110280:bi -t bb -g 2 -a 3
1580358158228:gl
1580358160899:al
1580358168229:ga ddd
1580358171883:gi ddd
1580358174468:gl
1580358180302:ai dkjfkj dkjfkdj
1580358182724:al
1580358189707:bi
1580358192957:bi -t gkgk
1580358206958:bi -t gkgk -g 4 -a 4
1580358236126:stacktrace
1580874909695:bl
1580874954845:al
1580874956430:gl
1580874959269:help
1580874962614:bl
1580874966468:gl
1580875004305:stacktract
1580875008751:stacktrace
1580875101308:bl
1580875105420:lb
1580875107946:bl
1580875110820:stacktrace
1580875241759:lb
1580875243187:bl
1580875385973:ba
1580875389319:bi
1580875393031:bi -t ijrij
1580875398391:bi -t -g 0
1580875402558:gl
1580875404551:gi
1580875408167:gi gjdf
1580875410245:gl
1580875438989:gi fdkjfk
1580875763183:bl
1580875789525:gl
1580875795287:gi gfkjg
1580875797478:gl
